<?xml version="1.0" encoding="UTF-8"?>
<testng-results ignored="0" total="1" passed="1" failed="0" skipped="0">
  <reporter-output>
  </reporter-output>
  <suite started-at="2026-04-06T14:40:39 WIB" name="Surefire suite" finished-at="2026-04-06T14:41:58 WIB" duration-ms="78829">
    <groups>
    </groups>
    <test started-at="2026-04-06T14:40:39 WIB" name="Surefire test" finished-at="2026-04-06T14:41:58 WIB" duration-ms="78829">
      <class name="GmailTest">
        <test-method signature="deleteUnreadEmailTest()[pri:0, instance:GmailTest@35fc6dc4]" started-at="2026-04-06T14:40:39 WIB" name="deleteUnreadEmailTest" finished-at="2026-04-06T14:41:58 WIB" duration-ms="78776" status="PASS">
          <reporter-output>
          </reporter-output>
        </test-method> <!-- deleteUnreadEmailTest -->
      </class> <!-- GmailTest -->
    </test> <!-- Surefire test -->
  </suite> <!-- Surefire suite -->
</testng-results>
